Base path: C:/Program Files (x86)/Unity/Editor/Data
Pipe name: \\.\pipe\UnityShaderCompiler-1-1732
Cmd: getPlatforms
Cmd: preprocess
  insize=9570 outsize=2432 ok=1
Cmd: preprocess
  insize=1671 outsize=948 ok=1
Cmd: preprocess
  insize=11629 outsize=759 ok=1
Cmd: preprocess
  insize=452 outsize=452 ok=1
Cmd: preprocess
  insize=1907 outsize=961 ok=1
Cmd: preprocess
  insize=1651 outsize=2267 ok=1
Cmd: preprocess
  insize=1286 outsize=484 ok=1
Cmd: preprocess
  insize=8933 outsize=811 ok=1
Cmd: preprocess
  insize=2022 outsize=638 ok=1
Cmd: preprocess
  insize=974 outsize=375 ok=1
Cmd: preprocess
  insize=238 outsize=238 ok=1
Cmd: preprocess
  insize=2707 outsize=887 ok=1
Cmd: preprocess
  insize=2933 outsize=203 ok=1
Cmd: preprocess
  insize=941 outsize=317 ok=1
Cmd: preprocess
  insize=1602 outsize=535 ok=1
Cmd: preprocess
  insize=1064 outsize=335 ok=1
Cmd: preprocess
  insize=10232 outsize=10232 ok=1
Cmd: preprocess
  insize=9276 outsize=5710 ok=1
Cmd: preprocess
  insize=1940 outsize=918 ok=1
Cmd: preprocess
  insize=2328 outsize=2328 ok=1
Cmd: preprocess
  insize=2172 outsize=624 ok=1
Cmd: preprocess
  insize=1359 outsize=432 ok=1
Cmd: preprocess
  insize=1144 outsize=1269 ok=1
Cmd: preprocess
  insize=3722 outsize=746 ok=1
Cmd: preprocess
  insize=1533 outsize=1118 ok=1
Cmd: preprocess
  insize=889 outsize=229 ok=1
Cmd: preprocess
  insize=2526 outsize=926 ok=1
Cmd: preprocess
  insize=1486 outsize=2211 ok=1
Cmd: preprocess
  insize=5521 outsize=943 ok=1
Cmd: preprocess
  insize=514 outsize=514 ok=1
Cmd: preprocess
  insize=946 outsize=946 ok=1
Cmd: preprocess
  insize=7006 outsize=291 ok=1
Cmd: preprocess
  insize=1060 outsize=1283 ok=1
Cmd: preprocess
  insize=1511 outsize=581 ok=1
Cmd: preprocess
  insize=2247 outsize=1934 ok=1
Cmd: preprocess
  insize=774 outsize=774 ok=1
Cmd: preprocess
  insize=1296 outsize=429 ok=1
Cmd: preprocess
  insize=9251 outsize=1204 ok=1
Cmd: preprocess
  insize=1235 outsize=333 ok=1
Cmd: preprocess
  insize=13355 outsize=2701 ok=1
Cmd: preprocess
  insize=1097 outsize=900 ok=1
Cmd: preprocess
  insize=2754 outsize=812 ok=1
Cmd: preprocess
  insize=1027 outsize=323 ok=1
Cmd: preprocess
  insize=1773 outsize=674 ok=1
Cmd: preprocess
  insize=1502 outsize=370 ok=1
Cmd: preprocess
  insize=1761 outsize=749 ok=1
Cmd: preprocess
  insize=2379 outsize=1092 ok=1
Cmd: preprocess
  insize=1729 outsize=630 ok=1
Cmd: preprocess
  insize=5162 outsize=4819 ok=1
Cmd: preprocess
  insize=1338 outsize=347 ok=1
Cmd: preprocess
  insize=2401 outsize=673 ok=1
Cmd: preprocess
  insize=1277 outsize=473 ok=1
Cmd: preprocess
  insize=829 outsize=338 ok=1
Cmd: preprocess
  insize=2340 outsize=1021 ok=1
Cmd: preprocess
  insize=686 outsize=1313 ok=1
Cmd: preprocess
  insize=33465 outsize=288 ok=1
Cmd: preprocess
  insize=1943 outsize=936 ok=1
Cmd: preprocess
  insize=1558 outsize=547 ok=1
Cmd: preprocess
  insize=3754 outsize=743 ok=1
Cmd: preprocess
  insize=1059 outsize=268 ok=1
Cmd: preprocess
  insize=5588 outsize=1882 ok=1
Cmd: preprocess
  insize=584 outsize=192 ok=1
Cmd: preprocess
  insize=678 outsize=208 ok=1
Cmd: preprocess
  insize=11872 outsize=2007 ok=1
Cmd: preprocess
  insize=2926 outsize=568 ok=1
Cmd: preprocess
  insize=623 outsize=623 ok=1
Cmd: preprocess
  insize=1541 outsize=535 ok=1
Cmd: preprocess
  insize=1097 outsize=378 ok=1
Cmd: preprocess
  insize=11868 outsize=2702 ok=1
Cmd: preprocess
  insize=12504 outsize=2576 ok=1
Cmd: preprocess
  insize=6532 outsize=797 ok=1
Cmd: preprocess
  insize=4254 outsize=230 ok=1
Cmd: preprocess
  insize=2965 outsize=825 ok=1
Cmd: preprocess
  insize=8546 outsize=1167 ok=1
Cmd: preprocess
  insize=1984 outsize=958 ok=1
Cmd: preprocess
  error: 1 plat 12 at (38): Compiling shaders to OpenGL ES 2.0, Xbox 360, PS3, Flash or DX11 requires both vertex and fragment programs
  insize=3502 outsize=2564 ok=1
Cmd: preprocess
  insize=1034 outsize=465 ok=1
Cmd: preprocess
  insize=665 outsize=665 ok=1
Cmd: preprocess
  insize=14335 outsize=2775 ok=1
Cmd: preprocess
  insize=2048 outsize=516 ok=1
Cmd: preprocess
  insize=1914 outsize=947 ok=1
Cmd: preprocess
  insize=1654 outsize=1035 ok=1
Cmd: preprocess
  insize=3104 outsize=1734 ok=1
Cmd: preprocess
  insize=2723 outsize=2723 ok=1
Cmd: preprocess
  insize=1907 outsize=944 ok=1
Cmd: preprocess
  insize=3042 outsize=1804 ok=1
Cmd: preprocess
  insize=10342 outsize=10342 ok=1
Cmd: preprocess
  insize=1982 outsize=959 ok=1
Cmd: preprocess
  insize=1764 outsize=320 ok=1
Cmd: preprocess
  insize=708 outsize=708 ok=1
Cmd: preprocess
  insize=743 outsize=743 ok=1
Cmd: preprocess
  insize=28296 outsize=4971 ok=1
Cmd: preprocess
  insize=4266 outsize=584 ok=1
Cmd: preprocess
  insize=2379 outsize=1258 ok=1
Cmd: preprocess
  insize=2003 outsize=921 ok=1
Cmd: preprocess
  insize=1823 outsize=317 ok=1
Cmd: preprocess
  insize=1228 outsize=198 ok=1
Cmd: preprocess
  insize=1088 outsize=373 ok=1
Cmd: preprocess
  insize=1199 outsize=486 ok=1
Cmd: preprocess
  insize=889 outsize=396 ok=1
Cmd: preprocess
  insize=5871 outsize=2915 ok=1
Cmd: preprocess
  insize=6084 outsize=913 ok=1
Cmd: preprocess
  insize=5846 outsize=800 ok=1
Cmd: preprocess
  insize=734 outsize=494 ok=1
Cmd: preprocess
  insize=1057 outsize=1526 ok=1
Cmd: preprocess
  insize=7587 outsize=975 ok=1
Cmd: preprocess
  insize=33474 outsize=288 ok=1
Cmd: preprocess
  insize=5321 outsize=1789 ok=1
Cmd: preprocess
  insize=3554 outsize=3554 ok=1
Cmd: preprocess
  insize=743 outsize=743 ok=1
Cmd: preprocess
  insize=623 outsize=623 ok=1
Cmd: preprocess
  insize=2379 outsize=1086 ok=1
Cmd: preprocess
  insize=6991 outsize=271 ok=1
Cmd: preprocess
  insize=4684 outsize=585 ok=1
Cmd: preprocess
  insize=469 outsize=469 ok=1
Cmd: preprocess
  insize=5159 outsize=1148 ok=1
Cmd: preprocess
  insize=1574 outsize=702 ok=1
Cmd: preprocess
  insize=6008 outsize=1334 ok=1
Cmd: preprocess
  insize=833 outsize=323 ok=1
Cmd: preprocess
  insize=873 outsize=447 ok=1
Cmd: preprocess
  error: 1 plat 12 at (100): Compiling shaders to OpenGL ES 2.0, Xbox 360, PS3, Flash or DX11 requires both vertex and fragment programs
  insize=2780 outsize=1538 ok=1
Cmd: preprocess
  insize=4076 outsize=685 ok=1
Cmd: preprocess
  insize=1334 outsize=1334 ok=1
Cmd: preprocess
  insize=926 outsize=319 ok=1
Cmd: preprocess
  insize=1170 outsize=479 ok=1
Cmd: preprocess
  insize=1406 outsize=316 ok=1
Cmd: preprocess
  insize=487 outsize=487 ok=1
Cmd: preprocess
  insize=6178 outsize=3522 ok=1
Cmd: compileSnippet
  error: 2 plat 4 at (64): 'vert': output parameter 'o' not completely initialized
  error: 1 plat 4 at (81): implicit truncation of vector type
  api=4 type=0 insize=7048 outsize=0 kw=DIRECTIONAL LIGHTMAP_OFF DIRLIGHTMAP_OFF ok=0
Cmd: preprocess
  error: 1 plat 12 at (100): Compiling shaders to OpenGL ES 2.0, Xbox 360, PS3, Flash or DX11 requires both vertex and fragment programs
  insize=2780 outsize=1538 ok=1
Cmd: preprocess
  insize=941 outsize=317 ok=1
Cmd: preprocess
  insize=1624 outsize=947 ok=1
Cmd: preprocess
  insize=2361 outsize=2258 ok=1
Cmd: preprocess
  insize=920 outsize=1125 ok=1
Cmd: preprocess
  insize=6214 outsize=837 ok=1
Cmd: preprocess
  insize=1315 outsize=524 ok=1
Cmd: preprocess
  insize=1406 outsize=783 ok=1
Cmd: preprocess
  insize=666 outsize=666 ok=1
Cmd: preprocess
  insize=1285 outsize=411 ok=1
Cmd: preprocess
  insize=616 outsize=277 ok=1
Cmd: preprocess
  insize=773 outsize=337 ok=1
Cmd: preprocess
  insize=1772 outsize=993 ok=1
Cmd: preprocess
  insize=1801 outsize=713 ok=1
Cmd: compileSnippet
  error: 1 plat 8 at (142): implicit truncation of vector type
  error: 2 plat 8 at (143): 'tex2Dproj': no matching 2 parameter intrinsic function; Possible intrinsic functions are: tex2Dproj(sampler2D, float4|half4|min10float4|min16float4)
  api=8 type=0 insize=3732 outsize=0 kw=WATER_REFRACTIVE ok=0
Cmd: compileSnippet
  error: 1 plat 8 at (142): implicit truncation of vector type
  error: 2 plat 8 at (143): 'tex2Dproj': no matching 2 parameter intrinsic function; Possible intrinsic functions are: tex2Dproj(sampler2D, float4|half4|min10float4|min16float4)
  api=8 type=1 insize=3732 outsize=0 kw=WATER_REFRACTIVE ok=0
Cmd: compileSnippet
  error: 2 plat 8 at (43): 'vert': function return value missing semantics
  api=8 type=0 insize=1845 outsize=0 kw= ok=0
Cmd: compileSnippet
  error: 2 plat 8 at (58): 'frag': input parameter 'i' missing semantics
  api=8 type=1 insize=1845 outsize=0 kw= ok=0
Cmd: compileSnippet
  error: 2 plat 8 at (48): 'vert': function return value missing semantics
  api=8 type=0 insize=3155 outsize=0 kw= ok=0
Cmd: compileSnippet
  error: 2 plat 8 at (78): 'frag': input parameter 'i' missing semantics
  api=8 type=1 insize=3155 outsize=0 kw= ok=0
Cmd: compileSnippet
  error: 2 plat 8 at (43): 'vert': function return value missing semantics
  api=8 type=0 insize=1845 outsize=0 kw= ok=0
Cmd: compileSnippet
  error: 2 plat 8 at (58): 'frag': input parameter 'i' missing semantics
  api=8 type=1 insize=1845 outsize=0 kw= ok=0
Cmd: compileSnippet
  error: 1 plat 8 at (142): implicit truncation of vector type
  error: 2 plat 8 at (143): 'tex2Dproj': no matching 2 parameter intrinsic function; Possible intrinsic functions are: tex2Dproj(sampler2D, float4|half4|min10float4|min16float4)
  api=8 type=0 insize=3732 outsize=0 kw=WATER_REFRACTIVE ok=0
Cmd: compileSnippet
  error: 1 plat 8 at (142): implicit truncation of vector type
  error: 2 plat 8 at (143): 'tex2Dproj': no matching 2 parameter intrinsic function; Possible intrinsic functions are: tex2Dproj(sampler2D, float4|half4|min10float4|min16float4)
  api=8 type=1 insize=3732 outsize=0 kw=WATER_REFRACTIVE ok=0
Cmd: compileSnippet
  error: 2 plat 8 at (48): 'vert': function return value missing semantics
  api=8 type=0 insize=3155 outsize=0 kw= ok=0
Cmd: compileSnippet
  error: 2 plat 8 at (78): 'frag': input parameter 'i' missing semantics
  api=8 type=1 insize=3155 outsize=0 kw= ok=0
Cmd: compileSnippet
  error: 1 plat 8 at (142): implicit truncation of vector type
  error: 2 plat 8 at (143): 'tex2Dproj': no matching 2 parameter intrinsic function; Possible intrinsic functions are: tex2Dproj(sampler2D, float4|half4|min10float4|min16float4)
  api=8 type=0 insize=3732 outsize=0 kw=WATER_REFRACTIVE ok=0
Cmd: compileSnippet
  error: 1 plat 8 at (142): implicit truncation of vector type
  error: 2 plat 8 at (143): 'tex2Dproj': no matching 2 parameter intrinsic function; Possible intrinsic functions are: tex2Dproj(sampler2D, float4|half4|min10float4|min16float4)
  api=8 type=1 insize=3732 outsize=0 kw=WATER_REFRACTIVE ok=0
Cmd: compileSnippet
  error: 2 plat 8 at (48): 'vert': function return value missing semantics
  api=8 type=0 insize=3155 outsize=0 kw= ok=0
Cmd: compileSnippet
  error: 2 plat 8 at (78): 'frag': input parameter 'i' missing semantics
  api=8 type=1 insize=3155 outsize=0 kw= ok=0
Cmd: compileSnippet
  error: 1 plat 8 at (142): implicit truncation of vector type
  error: 2 plat 8 at (143): 'tex2Dproj': no matching 2 parameter intrinsic function; Possible intrinsic functions are: tex2Dproj(sampler2D, float4|half4|min10float4|min16float4)
  api=8 type=0 insize=3732 outsize=0 kw=WATER_REFRACTIVE ok=0
Cmd: compileSnippet
  error: 1 plat 8 at (142): implicit truncation of vector type
  error: 2 plat 8 at (143): 'tex2Dproj': no matching 2 parameter intrinsic function; Possible intrinsic functions are: tex2Dproj(sampler2D, float4|half4|min10float4|min16float4)
  api=8 type=1 insize=3732 outsize=0 kw=WATER_REFRACTIVE ok=0
Cmd: compileSnippet
  error: 2 plat 8 at (48): 'vert': function return value missing semantics
  api=8 type=0 insize=3155 outsize=0 kw= ok=0
Cmd: compileSnippet
  error: 2 plat 8 at (78): 'frag': input parameter 'i' missing semantics
  api=8 type=1 insize=3155 outsize=0 kw= ok=0
