Base path: /Applications/Unity/Unity.app/Contents
Pipe name: \\.\pipe\UnityShaderCompiler-2--1334542336
Cmd: getPlatforms
Cmd: compileSnippet
  api=1 type=0 insize=2057 outsize=361 kw=LIGHTMAP_ON ok=1
Cmd: compileSnippet
  api=8 type=0 insize=2057 outsize=2649 kw=LIGHTMAP_OFF ok=1
Cmd: compileSnippet
  api=1 type=1 insize=2057 outsize=545 kw=LIGHTMAP_ON ok=1
Cmd: compileSnippet
  api=8 type=1 insize=2057 outsize=3015 kw=LIGHTMAP_ON ok=1
Cmd: compileSnippet
  api=8 type=1 insize=2057 outsize=2413 kw=LIGHTMAP_OFF ok=1
Cmd: compileSnippet
  api=1 type=0 insize=6214 outsize=1351 kw=DIRECTIONAL LIGHTMAP_OFF DIRLIGHTMAP_OFF ok=1
Cmd: compileSnippet
  api=1 type=0 insize=6214 outsize=899 kw=DIRECTIONAL LIGHTMAP_ON DIRLIGHTMAP_OFF ok=1
Cmd: compileSnippet
  api=0 type=0 insize=6214 outsize=1316 kw=DIRECTIONAL LIGHTMAP_ON DIRLIGHTMAP_ON ok=1
Cmd: compileSnippet
  api=4 type=0 insize=6214 outsize=4118 kw=DIRECTIONAL LIGHTMAP_ON DIRLIGHTMAP_ON ok=1
Cmd: compileSnippet
  api=1 type=0 insize=6214 outsize=1914 kw=DIRECTIONAL LIGHTMAP_OFF DIRLIGHTMAP_OFF VERTEXLIGHT_ON ok=1
Cmd: compileSnippet
  api=1 type=1 insize=6214 outsize=1089 kw=DIRECTIONAL LIGHTMAP_OFF DIRLIGHTMAP_OFF ok=1
Cmd: compileSnippet
  api=0 type=1 insize=6214 outsize=1241 kw=DIRECTIONAL LIGHTMAP_ON DIRLIGHTMAP_OFF ok=1
Cmd: compileSnippet
  api=4 type=1 insize=6214 outsize=3411 kw=DIRECTIONAL LIGHTMAP_ON DIRLIGHTMAP_OFF ok=1
Cmd: compileSnippet
  api=1 type=1 insize=6214 outsize=1390 kw=DIRECTIONAL LIGHTMAP_ON DIRLIGHTMAP_ON ok=1
Cmd: compileSnippet
  api=1 type=0 insize=3904 outsize=1158 kw=POINT ok=1
Cmd: compileSnippet
  api=1 type=0 insize=3904 outsize=992 kw=DIRECTIONAL ok=1
Cmd: compileSnippet
  api=1 type=0 insize=3904 outsize=1176 kw=SPOT ok=1
Cmd: compileSnippet
  api=0 type=0 insize=3904 outsize=1750 kw=POINT_COOKIE ok=1
Cmd: compileSnippet
  api=1 type=0 insize=3904 outsize=1158 kw=POINT_COOKIE ok=1
Cmd: compileSnippet
  api=0 type=0 insize=3904 outsize=1670 kw=DIRECTIONAL_COOKIE ok=1
Cmd: compileSnippet
  api=4 type=0 insize=3904 outsize=5239 kw=DIRECTIONAL_COOKIE ok=1
Cmd: compileSnippet
  api=1 type=1 insize=3904 outsize=1181 kw=POINT ok=1
Cmd: compileSnippet
  api=1 type=1 insize=3904 outsize=1032 kw=DIRECTIONAL ok=1
Cmd: compileSnippet
  api=0 type=1 insize=3904 outsize=1639 kw=SPOT ok=1
Cmd: compileSnippet
  api=4 type=1 insize=3904 outsize=4215 kw=SPOT ok=1
Cmd: compileSnippet
  api=1 type=1 insize=3904 outsize=1221 kw=POINT_COOKIE ok=1
Cmd: compileSnippet
  api=0 type=1 insize=3904 outsize=1295 kw=DIRECTIONAL_COOKIE ok=1
Cmd: compileSnippet
  api=1 type=1 insize=3904 outsize=1091 kw=DIRECTIONAL_COOKIE ok=1
Cmd: compileSnippet
  api=1 type=0 insize=5584 outsize=1181 kw=DIRECTIONAL LIGHTMAP_OFF DIRLIGHTMAP_OFF ok=1
Cmd: compileSnippet
  api=8 type=0 insize=5584 outsize=8077 kw=DIRECTIONAL LIGHTMAP_OFF DIRLIGHTMAP_OFF ok=1
Cmd: compileSnippet
  api=4 type=0 insize=5584 outsize=3874 kw=DIRECTIONAL LIGHTMAP_ON DIRLIGHTMAP_OFF ok=1
Cmd: compileSnippet
  api=0 type=0 insize=5584 outsize=1184 kw=DIRECTIONAL LIGHTMAP_ON DIRLIGHTMAP_ON ok=1
Cmd: compileSnippet
  api=4 type=0 insize=5584 outsize=3874 kw=DIRECTIONAL LIGHTMAP_ON DIRLIGHTMAP_ON ok=1
Cmd: compileSnippet
  api=0 type=0 insize=5584 outsize=2400 kw=DIRECTIONAL LIGHTMAP_OFF DIRLIGHTMAP_OFF VERTEXLIGHT_ON ok=1
Cmd: compileSnippet
  api=1 type=0 insize=5584 outsize=1744 kw=DIRECTIONAL LIGHTMAP_OFF DIRLIGHTMAP_OFF VERTEXLIGHT_ON ok=1
Cmd: compileSnippet
  api=8 type=0 insize=5584 outsize=10823 kw=DIRECTIONAL LIGHTMAP_OFF DIRLIGHTMAP_OFF VERTEXLIGHT_ON ok=1
Cmd: compileSnippet
  api=1 type=1 insize=5584 outsize=796 kw=DIRECTIONAL LIGHTMAP_OFF DIRLIGHTMAP_OFF ok=1
Cmd: compileSnippet
  api=8 type=1 insize=5584 outsize=4152 kw=DIRECTIONAL LIGHTMAP_OFF DIRLIGHTMAP_OFF ok=1
Cmd: compileSnippet
  api=8 type=1 insize=5584 outsize=3982 kw=DIRECTIONAL LIGHTMAP_ON DIRLIGHTMAP_OFF ok=1
Cmd: compileSnippet
  api=4 type=1 insize=5584 outsize=3216 kw=DIRECTIONAL LIGHTMAP_ON DIRLIGHTMAP_ON ok=1
Cmd: compileSnippet
  api=1 type=0 insize=3396 outsize=990 kw=POINT ok=1
Cmd: compileSnippet
  api=8 type=0 insize=3396 outsize=7459 kw=POINT ok=1
Cmd: compileSnippet
  api=4 type=0 insize=3396 outsize=4305 kw=DIRECTIONAL ok=1
Cmd: compileSnippet
  api=0 type=0 insize=3396 outsize=1655 kw=SPOT ok=1
Cmd: compileSnippet
  api=4 type=0 insize=3396 outsize=5085 kw=SPOT ok=1
Cmd: compileSnippet
  api=0 type=0 insize=3396 outsize=1618 kw=POINT_COOKIE ok=1
Cmd: compileSnippet
  api=1 type=0 insize=3396 outsize=990 kw=POINT_COOKIE ok=1
Cmd: compileSnippet
  api=8 type=0 insize=3396 outsize=7459 kw=POINT_COOKIE ok=1
Cmd: compileSnippet
  api=4 type=0 insize=3396 outsize=4995 kw=DIRECTIONAL_COOKIE ok=1
Cmd: compileSnippet
  api=1 type=1 insize=3396 outsize=875 kw=POINT ok=1
Cmd: compileSnippet
  api=8 type=1 insize=3396 outsize=4461 kw=POINT ok=1
Cmd: compileSnippet
  api=8 type=1 insize=3396 outsize=3803 kw=DIRECTIONAL ok=1
Cmd: compileSnippet
  api=4 type=1 insize=3396 outsize=3419 kw=SPOT ok=1
Cmd: compileSnippet
  api=0 type=1 insize=3396 outsize=1163 kw=POINT_COOKIE ok=1
Cmd: compileSnippet
  api=1 type=1 insize=3396 outsize=923 kw=POINT_COOKIE ok=1
Cmd: compileSnippet
  api=4 type=1 insize=3396 outsize=3110 kw=POINT_COOKIE ok=1
Cmd: compileSnippet
  api=0 type=1 insize=3396 outsize=961 kw=DIRECTIONAL_COOKIE ok=1
Cmd: compileSnippet
  api=1 type=1 insize=3396 outsize=781 kw=DIRECTIONAL_COOKIE ok=1
Cmd: compileSnippet
  api=8 type=1 insize=3396 outsize=4193 kw=DIRECTIONAL_COOKIE ok=1
Cmd: compileSnippet
  api=1 type=0 insize=4717 outsize=853 kw=DIRECTIONAL LIGHTMAP_OFF DIRLIGHTMAP_OFF ok=1
Cmd: compileSnippet
  api=0 type=0 insize=4717 outsize=792 kw=DIRECTIONAL LIGHTMAP_ON DIRLIGHTMAP_OFF ok=1
Cmd: compileSnippet
  api=1 type=0 insize=4717 outsize=479 kw=DIRECTIONAL LIGHTMAP_ON DIRLIGHTMAP_OFF ok=1
Cmd: compileSnippet
  api=8 type=0 insize=4717 outsize=3551 kw=DIRECTIONAL LIGHTMAP_ON DIRLIGHTMAP_OFF ok=1
Cmd: compileSnippet
  api=4 type=0 insize=4717 outsize=2468 kw=DIRECTIONAL LIGHTMAP_ON DIRLIGHTMAP_ON ok=1
Cmd: compileSnippet
  api=8 type=0 insize=4717 outsize=3551 kw=DIRECTIONAL LIGHTMAP_ON DIRLIGHTMAP_ON ok=1
Cmd: compileSnippet
  api=1 type=0 insize=4717 outsize=1394 kw=DIRECTIONAL LIGHTMAP_OFF DIRLIGHTMAP_OFF VERTEXLIGHT_ON ok=1
Cmd: compileSnippet
  api=8 type=0 insize=4717 outsize=7963 kw=DIRECTIONAL LIGHTMAP_OFF DIRLIGHTMAP_OFF VERTEXLIGHT_ON ok=1
Cmd: compileSnippet
  api=1 type=1 insize=4717 outsize=378 kw=DIRECTIONAL LIGHTMAP_OFF DIRLIGHTMAP_OFF ok=1
Cmd: compileSnippet
  api=8 type=1 insize=4717 outsize=2454 kw=DIRECTIONAL LIGHTMAP_OFF DIRLIGHTMAP_OFF ok=1
Cmd: compileSnippet
  api=8 type=1 insize=4717 outsize=2162 kw=DIRECTIONAL LIGHTMAP_ON DIRLIGHTMAP_OFF ok=1
Cmd: compileSnippet
  api=1 type=1 insize=4717 outsize=318 kw=DIRECTIONAL LIGHTMAP_ON DIRLIGHTMAP_ON ok=1
Cmd: compileSnippet
  api=8 type=1 insize=4717 outsize=2162 kw=DIRECTIONAL LIGHTMAP_ON DIRLIGHTMAP_ON ok=1
Cmd: compileSnippet
  api=1 type=0 insize=2465 outsize=383 kw=POINT ok=1
Cmd: compileSnippet
  api=1 type=0 insize=2465 outsize=253 kw=DIRECTIONAL ok=1
Cmd: compileSnippet
  api=4 type=0 insize=2465 outsize=1851 kw=DIRECTIONAL ok=1
Cmd: compileSnippet
  api=0 type=0 insize=2465 outsize=854 kw=SPOT ok=1
Cmd: compileSnippet
  api=4 type=0 insize=2465 outsize=2875 kw=SPOT ok=1
Cmd: compileSnippet
  api=0 type=0 insize=2465 outsize=817 kw=POINT_COOKIE ok=1
Cmd: compileSnippet
  api=4 type=0 insize=2465 outsize=2875 kw=POINT_COOKIE ok=1
Cmd: compileSnippet
  api=8 type=0 insize=2465 outsize=4128 kw=POINT_COOKIE ok=1
Cmd: compileSnippet
  api=4 type=0 insize=2465 outsize=2542 kw=DIRECTIONAL_COOKIE ok=1
Cmd: compileSnippet
  api=8 type=0 insize=2465 outsize=3632 kw=DIRECTIONAL_COOKIE ok=1
Cmd: compileSnippet
  api=1 type=1 insize=2465 outsize=415 kw=POINT ok=1
Cmd: compileSnippet
  api=8 type=1 insize=2465 outsize=2397 kw=POINT ok=1
Cmd: compileSnippet
  api=8 type=1 insize=2465 outsize=1796 kw=DIRECTIONAL ok=1
Cmd: compileSnippet
  api=4 type=1 insize=2465 outsize=2103 kw=SPOT ok=1
Cmd: compileSnippet
  api=0 type=1 insize=2465 outsize=630 kw=POINT_COOKIE ok=1
Cmd: compileSnippet
  api=1 type=1 insize=2465 outsize=463 kw=POINT_COOKIE ok=1
Cmd: compileSnippet
  api=8 type=1 insize=2465 outsize=2673 kw=POINT_COOKIE ok=1
Cmd: compileSnippet
  api=4 type=1 insize=2465 outsize=1396 kw=DIRECTIONAL_COOKIE ok=1
Cmd: compileSnippet
  api=1 type=0 insize=986 outsize=171 kw= ok=1
Cmd: compileSnippet
  api=1 type=1 insize=986 outsize=104 kw= ok=1
Cmd: compileSnippet
  api=1 type=0 insize=1203 outsize=186 kw= ok=1
Cmd: compileSnippet
  api=1 type=1 insize=1203 outsize=217 kw= ok=1
Cmd: compileSnippet
  api=8 type=1 insize=1203 outsize=1690 kw= ok=1
Cmd: compileSnippet
  api=1 type=0 insize=1322 outsize=186 kw= ok=1
Cmd: compileSnippet
  api=1 type=1 insize=1322 outsize=462 kw= ok=1
Cmd: compileSnippet
  api=8 type=1 insize=1322 outsize=2600 kw= ok=1
Cmd: compileSnippet
  api=1 type=0 insize=1274 outsize=186 kw= ok=1
Cmd: compileSnippet
  api=1 type=1 insize=1274 outsize=236 kw= ok=1
Cmd: compileSnippet
  api=8 type=1 insize=1274 outsize=1633 kw= ok=1
Cmd: compileSnippet
  api=1 type=0 insize=1260 outsize=186 kw= ok=1
Cmd: compileSnippet
  api=1 type=1 insize=1260 outsize=207 kw= ok=1
Cmd: compileSnippet
  api=8 type=1 insize=1260 outsize=1609 kw= ok=1
Cmd: compileSnippet
  api=1 type=0 insize=1260 outsize=186 kw= ok=1
Cmd: compileSnippet
  api=1 type=1 insize=1260 outsize=471 kw= ok=1
Cmd: compileSnippet
  api=8 type=1 insize=1260 outsize=2535 kw= ok=1
Cmd: compileSnippet
  api=1 type=0 insize=1282 outsize=186 kw= ok=1
Cmd: compileSnippet
  api=1 type=1 insize=1282 outsize=215 kw= ok=1
Cmd: compileSnippet
  api=8 type=1 insize=1282 outsize=1682 kw= ok=1
Cmd: compileSnippet
  api=1 type=0 insize=1222 outsize=186 kw= ok=1
Cmd: compileSnippet
  api=1 type=1 insize=1222 outsize=246 kw= ok=1
Cmd: compileSnippet
  api=8 type=1 insize=1222 outsize=1715 kw= ok=1
Cmd: compileSnippet
  api=1 type=0 insize=1218 outsize=186 kw= ok=1
Cmd: compileSnippet
  api=1 type=1 insize=1218 outsize=246 kw= ok=1
Cmd: compileSnippet
  api=8 type=1 insize=1218 outsize=1715 kw= ok=1
Cmd: compileSnippet
  api=1 type=0 insize=1277 outsize=186 kw= ok=1
Cmd: compileSnippet
  api=1 type=1 insize=1277 outsize=205 kw= ok=1
Cmd: compileSnippet
  api=8 type=1 insize=1277 outsize=1593 kw= ok=1
Cmd: compileSnippet
  api=1 type=0 insize=1333 outsize=186 kw= ok=1
Cmd: compileSnippet
  api=1 type=1 insize=1333 outsize=236 kw= ok=1
Cmd: compileSnippet
  api=8 type=1 insize=1333 outsize=1633 kw= ok=1
Cmd: compileSnippet
  api=1 type=0 insize=956 outsize=171 kw= ok=1
Cmd: compileSnippet
  api=1 type=1 insize=956 outsize=81 kw= ok=1
Cmd: compileSnippet
  api=8 type=1 insize=956 outsize=1048 kw= ok=1
Cmd: compileSnippet
  api=1 type=0 insize=6985 outsize=1135 kw=DIRECTIONAL LIGHTMAP_OFF DIRLIGHTMAP_OFF ok=1
Cmd: compileSnippet
  api=1 type=0 insize=6985 outsize=378 kw=DIRECTIONAL LIGHTMAP_ON DIRLIGHTMAP_OFF ok=1
Cmd: compileSnippet
  error: 2 plat 8 at (64): 'vert': output parameter 'o' not completely initialized
  error: 1 plat 8 at (81): implicit truncation of vector type
  api=8 type=0 insize=6985 outsize=0 kw=DIRECTIONAL LIGHTMAP_ON DIRLIGHTMAP_OFF ok=0
Cmd: compileSnippet
  api=1 type=0 insize=6985 outsize=1700 kw=DIRECTIONAL LIGHTMAP_OFF DIRLIGHTMAP_OFF VERTEXLIGHT_ON ok=1
Cmd: compileSnippet
  error: 2 plat 8 at (64): 'vert': output parameter 'o' not completely initialized
  error: 1 plat 8 at (81): implicit truncation of vector type
  api=8 type=0 insize=6985 outsize=0 kw=DIRECTIONAL LIGHTMAP_OFF DIRLIGHTMAP_OFF VERTEXLIGHT_ON ok=0
Cmd: compileSnippet
  api=1 type=1 insize=6985 outsize=1141 kw=DIRECTIONAL LIGHTMAP_OFF DIRLIGHTMAP_OFF ok=1
Cmd: compileSnippet
  api=8 type=1 insize=6985 outsize=5566 kw=DIRECTIONAL LIGHTMAP_OFF DIRLIGHTMAP_OFF ok=1
Cmd: compileSnippet
  api=8 type=1 insize=6985 outsize=3527 kw=DIRECTIONAL LIGHTMAP_ON DIRLIGHTMAP_OFF ok=1
Cmd: compileSnippet
  api=1 type=0 insize=4780 outsize=955 kw=POINT ok=1
Cmd: compileSnippet
  error: 2 plat 4 at (64): 'vert': output parameter 'o' not completely initialized
  error: 1 plat 4 at (81): implicit truncation of vector type
  api=4 type=0 insize=4780 outsize=0 kw=DIRECTIONAL ok=0
Cmd: compileSnippet
  error: 2 plat 8 at (64): 'vert': output parameter 'o' not completely initialized
  error: 1 plat 8 at (81): implicit truncation of vector type
  api=8 type=0 insize=4780 outsize=0 kw=DIRECTIONAL ok=0
Cmd: compileSnippet
  api=0 type=0 insize=4780 outsize=1549 kw=SPOT ok=1
Cmd: compileSnippet
  error: 2 plat 4 at (64): 'vert': output parameter 'o' not completely initialized
  error: 1 plat 4 at (81): implicit truncation of vector type
  api=4 type=0 insize=4780 outsize=0 kw=SPOT ok=0
Cmd: compileSnippet
  api=0 type=0 insize=4780 outsize=1512 kw=POINT_COOKIE ok=1
Cmd: compileSnippet
  error: 2 plat 4 at (64): 'vert': output parameter 'o' not completely initialized
  error: 1 plat 4 at (81): implicit truncation of vector type
  api=4 type=0 insize=4780 outsize=0 kw=POINT_COOKIE ok=0
Cmd: compileSnippet
  api=0 type=0 insize=4780 outsize=1432 kw=DIRECTIONAL_COOKIE ok=1
Cmd: compileSnippet
  error: 2 plat 4 at (64): 'vert': output parameter 'o' not completely initialized
  error: 1 plat 4 at (81): implicit truncation of vector type
  api=4 type=0 insize=4780 outsize=0 kw=DIRECTIONAL_COOKIE ok=0
Cmd: compileSnippet
  api=1 type=1 insize=4780 outsize=1323 kw=POINT ok=1
Cmd: compileSnippet
  api=8 type=1 insize=4780 outsize=6005 kw=POINT ok=1
Cmd: compileSnippet
  api=0 type=1 insize=4780 outsize=1821 kw=SPOT ok=1
Cmd: compileSnippet
  api=1 type=1 insize=4780 outsize=1471 kw=SPOT ok=1
Cmd: compileSnippet
  api=4 type=1 insize=4780 outsize=4516 kw=SPOT ok=1
Cmd: compileSnippet
  api=0 type=1 insize=4780 outsize=1688 kw=POINT_COOKIE ok=1
Cmd: compileSnippet
  api=1 type=1 insize=4780 outsize=1371 kw=POINT_COOKIE ok=1
Cmd: compileSnippet
  api=4 type=1 insize=4780 outsize=4207 kw=POINT_COOKIE ok=1
Cmd: compileSnippet
  api=0 type=1 insize=4780 outsize=1448 kw=DIRECTIONAL_COOKIE ok=1
Cmd: compileSnippet
  api=1 type=1 insize=4780 outsize=1165 kw=DIRECTIONAL_COOKIE ok=1
Cmd: compileSnippet
  api=4 type=1 insize=4780 outsize=3866 kw=DIRECTIONAL_COOKIE ok=1
Cmd: compileSnippet
  api=1 type=0 insize=5949 outsize=995 kw=DIRECTIONAL LIGHTMAP_OFF DIRLIGHTMAP_OFF ok=1
Cmd: compileSnippet
  api=0 type=0 insize=5949 outsize=470 kw=DIRECTIONAL LIGHTMAP_ON DIRLIGHTMAP_OFF ok=1
Cmd: compileSnippet
  api=1 type=0 insize=5949 outsize=220 kw=DIRECTIONAL LIGHTMAP_ON DIRLIGHTMAP_OFF ok=1
Cmd: compileSnippet
  api=8 type=0 insize=5949 outsize=2243 kw=DIRECTIONAL LIGHTMAP_ON DIRLIGHTMAP_OFF ok=1
Cmd: compileSnippet
  api=1 type=0 insize=5949 outsize=1560 kw=DIRECTIONAL LIGHTMAP_OFF DIRLIGHTMAP_OFF VERTEXLIGHT_ON ok=1
Cmd: compileSnippet
  api=8 type=0 insize=5949 outsize=8889 kw=DIRECTIONAL LIGHTMAP_OFF DIRLIGHTMAP_OFF VERTEXLIGHT_ON ok=1
Cmd: compileSnippet
  api=1 type=1 insize=5949 outsize=1028 kw=DIRECTIONAL LIGHTMAP_OFF DIRLIGHTMAP_OFF ok=1
Cmd: compileSnippet
  api=8 type=1 insize=5949 outsize=4859 kw=DIRECTIONAL LIGHTMAP_OFF DIRLIGHTMAP_OFF ok=1
Cmd: compileSnippet
  api=8 type=1 insize=5949 outsize=2430 kw=DIRECTIONAL LIGHTMAP_ON DIRLIGHTMAP_OFF ok=1
Cmd: compileSnippet
  api=1 type=0 insize=3811 outsize=806 kw=POINT ok=1
Cmd: compileSnippet
  api=8 type=0 insize=3811 outsize=5525 kw=POINT ok=1
Cmd: compileSnippet
  api=1 type=0 insize=3811 outsize=825 kw=SPOT ok=1
Cmd: compileSnippet
  api=4 type=0 insize=3811 outsize=3777 kw=SPOT ok=1
Cmd: compileSnippet
  api=0 type=0 insize=3811 outsize=1346 kw=POINT_COOKIE ok=1
Cmd: compileSnippet
  api=1 type=0 insize=3811 outsize=806 kw=POINT_COOKIE ok=1
Cmd: compileSnippet
  api=8 type=0 insize=3811 outsize=5525 kw=POINT_COOKIE ok=1
Cmd: compileSnippet
  api=4 type=0 insize=3811 outsize=3687 kw=DIRECTIONAL_COOKIE ok=1
Cmd: compileSnippet
  api=1 type=1 insize=3811 outsize=1210 kw=POINT ok=1
Cmd: compileSnippet
  api=8 type=1 insize=3811 outsize=5322 kw=POINT ok=1
Cmd: compileSnippet
  api=1 type=1 insize=3811 outsize=1362 kw=SPOT ok=1
Cmd: compileSnippet
  api=4 type=1 insize=3811 outsize=4028 kw=SPOT ok=1
Cmd: compileSnippet
  api=0 type=1 insize=3811 outsize=1487 kw=POINT_COOKIE ok=1
Cmd: compileSnippet
  api=1 type=1 insize=3811 outsize=1271 kw=POINT_COOKIE ok=1
Cmd: compileSnippet
  api=4 type=1 insize=3811 outsize=3720 kw=POINT_COOKIE ok=1
Cmd: compileSnippet
  api=8 type=1 insize=3811 outsize=5525 kw=POINT_COOKIE ok=1
Cmd: compileSnippet
  api=8 type=1 insize=3811 outsize=5030 kw=DIRECTIONAL_COOKIE ok=1
Cmd: compileSnippet
  api=1 type=0 insize=5273 outsize=694 kw=DIRECTIONAL LIGHTMAP_OFF DIRLIGHTMAP_OFF ok=1
Cmd: compileSnippet
  api=0 type=0 insize=5273 outsize=468 kw=DIRECTIONAL LIGHTMAP_ON DIRLIGHTMAP_OFF ok=1
Cmd: compileSnippet
  api=1 type=0 insize=5273 outsize=216 kw=DIRECTIONAL LIGHTMAP_ON DIRLIGHTMAP_OFF ok=1
Cmd: compileSnippet
  api=0 type=0 insize=5273 outsize=912 kw=DIRECTIONAL LIGHTMAP_ON DIRLIGHTMAP_ON ok=1
Cmd: compileSnippet
  api=4 type=0 insize=5273 outsize=2566 kw=DIRECTIONAL LIGHTMAP_ON DIRLIGHTMAP_ON ok=1
Cmd: compileSnippet
  api=0 type=0 insize=5273 outsize=1688 kw=DIRECTIONAL LIGHTMAP_OFF DIRLIGHTMAP_OFF VERTEXLIGHT_ON ok=1
Cmd: compileSnippet
  api=4 type=0 insize=5273 outsize=4654 kw=DIRECTIONAL LIGHTMAP_OFF DIRLIGHTMAP_OFF VERTEXLIGHT_ON ok=1
Cmd: compileSnippet
  api=1 type=1 insize=5273 outsize=430 kw=DIRECTIONAL LIGHTMAP_OFF DIRLIGHTMAP_OFF ok=1
Cmd: compileSnippet
  api=8 type=1 insize=5273 outsize=2771 kw=DIRECTIONAL LIGHTMAP_OFF DIRLIGHTMAP_OFF ok=1
Cmd: compileSnippet
  api=8 type=1 insize=5273 outsize=2430 kw=DIRECTIONAL LIGHTMAP_ON DIRLIGHTMAP_OFF ok=1
Cmd: compileSnippet
  api=1 type=1 insize=5273 outsize=371 kw=DIRECTIONAL LIGHTMAP_ON DIRLIGHTMAP_ON ok=1
Cmd: compileSnippet
  api=8 type=1 insize=5273 outsize=2478 kw=DIRECTIONAL LIGHTMAP_ON DIRLIGHTMAP_ON ok=1
Cmd: compileSnippet
  api=1 type=0 insize=2853 outsize=431 kw=POINT ok=1
Cmd: compileSnippet
  api=0 type=0 insize=2853 outsize=731 kw=DIRECTIONAL ok=1
Cmd: compileSnippet
  api=1 type=0 insize=2853 outsize=352 kw=DIRECTIONAL ok=1
Cmd: compileSnippet
  api=8 type=0 insize=2853 outsize=3502 kw=DIRECTIONAL ok=1
Cmd: compileSnippet
  api=4 type=0 insize=2853 outsize=3200 kw=SPOT ok=1
Cmd: compileSnippet
  api=8 type=0 insize=2853 outsize=4558 kw=SPOT ok=1
Cmd: compileSnippet
  api=4 type=0 insize=2853 outsize=3200 kw=POINT_COOKIE ok=1
Cmd: compileSnippet
  api=0 type=0 insize=2853 outsize=847 kw=DIRECTIONAL_COOKIE ok=1
Cmd: compileSnippet
  api=1 type=0 insize=2853 outsize=407 kw=DIRECTIONAL_COOKIE ok=1
Cmd: compileSnippet
  api=8 type=0 insize=2853 outsize=4526 kw=DIRECTIONAL_COOKIE ok=1
Cmd: compileSnippet
  api=1 type=1 insize=2853 outsize=557 kw=POINT ok=1
Cmd: compileSnippet
  api=8 type=1 insize=2853 outsize=3267 kw=POINT ok=1
Cmd: compileSnippet
  api=4 type=1 insize=2853 outsize=1745 kw=DIRECTIONAL ok=1
Cmd: compileSnippet
  api=0 type=1 insize=2853 outsize=961 kw=SPOT ok=1
Cmd: compileSnippet
  api=4 type=1 insize=2853 outsize=2655 kw=SPOT ok=1
Cmd: compileSnippet
  api=0 type=1 insize=2853 outsize=826 kw=POINT_COOKIE ok=1
Cmd: compileSnippet
  api=1 type=1 insize=2853 outsize=605 kw=POINT_COOKIE ok=1
Cmd: compileSnippet
  api=4 type=1 insize=2853 outsize=2347 kw=POINT_COOKIE ok=1
Cmd: compileSnippet
  api=0 type=1 insize=2853 outsize=649 kw=DIRECTIONAL_COOKIE ok=1
Cmd: compileSnippet
  api=1 type=1 insize=2853 outsize=481 kw=DIRECTIONAL_COOKIE ok=1
Cmd: compileSnippet
  api=8 type=1 insize=2853 outsize=2998 kw=DIRECTIONAL_COOKIE ok=1
Cmd: compileSnippet
  api=1 type=0 insize=942 outsize=158 kw= ok=1
Cmd: compileSnippet
  api=1 type=1 insize=942 outsize=81 kw= ok=1
Cmd: compileSnippet
  api=8 type=1 insize=942 outsize=1048 kw= ok=1
Cmd: compileSnippet
  api=1 type=0 insize=1051 outsize=158 kw= ok=1
Cmd: compileSnippet
  api=1 type=1 insize=1051 outsize=343 kw= ok=1
Cmd: compileSnippet
  api=8 type=1 insize=1051 outsize=2015 kw= ok=1
Cmd: compileSnippet
  api=1 type=0 insize=1041 outsize=171 kw= ok=1
Cmd: compileSnippet
  api=1 type=1 insize=1041 outsize=152 kw= ok=1
Cmd: compileSnippet
  api=8 type=1 insize=1041 outsize=1390 kw= ok=1
End of pipe

Quitting shader compiler process
