Base path: /Applications/Unity/Unity.app/Contents
Pipe name: \\.\pipe\UnityShaderCompiler-1--1588383320
Cmd: getPlatforms
Cmd: preprocess
  insize=824 outsize=824 ok=1
Cmd: preprocess
  insize=1943 outsize=615 ok=1
Cmd: compileSnippet
  api=0 type=0 insize=1630 outsize=584 kw= ok=1
Cmd: compileSnippet
  api=0 type=1 insize=1630 outsize=853 kw= ok=1
Cmd: preprocess
  insize=2611 outsize=856 ok=1
Cmd: compileSnippet
  api=0 type=0 insize=2057 outsize=723 kw=LIGHTMAP_ON ok=1
Cmd: compileSnippet
  api=0 type=1 insize=2057 outsize=688 kw=LIGHTMAP_ON ok=1
Cmd: preprocess
  insize=894 outsize=302 ok=1
Cmd: compileSnippet
  api=0 type=0 insize=894 outsize=328 kw= ok=1
Cmd: compileSnippet
  api=0 type=1 insize=894 outsize=453 kw= ok=1
Cmd: preprocess
  insize=9827 outsize=9827 ok=1
Cmd: preprocess
  insize=8918 outsize=5490 ok=1
Cmd: compileSnippet
  api=0 type=0 insize=3732 outsize=775 kw=WATER_REFRACTIVE ok=1
Cmd: compileSnippet
  api=0 type=1 insize=3732 outsize=912 kw=WATER_REFRACTIVE ok=1
Cmd: preprocess
  insize=2248 outsize=2248 ok=1
Cmd: preprocess
  insize=1284 outsize=1284 ok=1
Cmd: preprocess
  insize=2100 outsize=596 ok=1
Cmd: compileSnippet
  api=0 type=0 insize=1805 outsize=428 kw= ok=1
Cmd: compileSnippet
  api=0 type=1 insize=1805 outsize=732 kw= ok=1
Cmd: preprocess
  insize=530 outsize=530 ok=1
Cmd: preprocess
  insize=747 outsize=747 ok=1
Cmd: preprocess
  insize=2429 outsize=886 ok=1
Cmd: compileSnippet
  api=0 type=0 insize=1845 outsize=866 kw= ok=1
Cmd: compileSnippet
  api=0 type=1 insize=1845 outsize=723 kw= ok=1
Cmd: preprocess
  insize=3315 outsize=2049 ok=1
Cmd: compileSnippet
  api=0 type=0 insize=1570 outsize=397 kw=SOFTPARTICLES_OFF ok=1
Cmd: compileSnippet
  api=0 type=1 insize=1570 outsize=269 kw=SOFTPARTICLES_OFF ok=1
Cmd: preprocess
  insize=905 outsize=905 ok=1
Cmd: preprocess
  insize=630 outsize=630 ok=1
Cmd: preprocess
  insize=2393 outsize=1340 ok=1
Cmd: compileSnippet
  api=0 type=0 insize=6472 outsize=1472 kw=DIRECTIONAL SHADOWS_OFF LIGHTMAP_OFF DIRLIGHTMAP_OFF ok=1
Cmd: compileSnippet
  api=0 type=1 insize=6472 outsize=427 kw=DIRECTIONAL SHADOWS_OFF LIGHTMAP_OFF DIRLIGHTMAP_OFF ok=1
Cmd: compileSnippet
  api=0 type=0 insize=4330 outsize=1350 kw=POINT ok=1
Cmd: compileSnippet
  api=0 type=1 insize=4330 outsize=576 kw=POINT ok=1
Cmd: compileSnippet
  api=0 type=0 insize=4154 outsize=928 kw= ok=1
Cmd: compileSnippet
  api=0 type=1 insize=4154 outsize=355 kw= ok=1
Cmd: compileSnippet
  api=0 type=0 insize=5947 outsize=941 kw=LIGHTMAP_OFF DIRLIGHTMAP_OFF HDR_LIGHT_PREPASS_OFF ok=1
Cmd: compileSnippet
  api=0 type=1 insize=5947 outsize=423 kw=LIGHTMAP_OFF DIRLIGHTMAP_OFF HDR_LIGHT_PREPASS_OFF ok=1
Cmd: preprocess
  insize=1446 outsize=558 ok=1
Cmd: compileSnippet
  api=0 type=0 insize=1189 outsize=573 kw= ok=1
Cmd: compileSnippet
  api=0 type=1 insize=1189 outsize=450 kw= ok=1
Cmd: preprocess
  insize=2144 outsize=1906 ok=1
Cmd: compileSnippet
  api=0 type=0 insize=6214 outsize=1874 kw=DIRECTIONAL LIGHTMAP_OFF DIRLIGHTMAP_OFF ok=1
Cmd: compileSnippet
  api=0 type=1 insize=6214 outsize=1292 kw=DIRECTIONAL LIGHTMAP_OFF DIRLIGHTMAP_OFF ok=1
Cmd: compileSnippet
  api=0 type=0 insize=3904 outsize=1750 kw=POINT ok=1
Cmd: compileSnippet
  api=0 type=1 insize=3904 outsize=1433 kw=POINT ok=1
Cmd: compileSnippet
  api=0 type=0 insize=5584 outsize=1742 kw=DIRECTIONAL LIGHTMAP_OFF DIRLIGHTMAP_OFF ok=1
Cmd: compileSnippet
  api=0 type=1 insize=5584 outsize=975 kw=DIRECTIONAL LIGHTMAP_OFF DIRLIGHTMAP_OFF ok=1
Cmd: compileSnippet
  api=0 type=0 insize=3396 outsize=1618 kw=POINT ok=1
Cmd: compileSnippet
  api=0 type=1 insize=3396 outsize=1100 kw=POINT ok=1
Cmd: preprocess
  insize=748 outsize=748 ok=1
Cmd: preprocess
  insize=8917 outsize=1153 ok=1
Cmd: compileSnippet
  api=0 type=0 insize=3505 outsize=425 kw= ok=1
Cmd: compileSnippet
  api=0 type=1 insize=3505 outsize=5091 kw= ok=1
Cmd: compileSnippet
  api=0 type=0 insize=3771 outsize=425 kw= ok=1
Cmd: compileSnippet
  api=0 type=1 insize=3771 outsize=8489 kw= ok=1
Cmd: compileSnippet
  api=0 type=0 insize=4275 outsize=425 kw= ok=1
Cmd: compileSnippet
  api=0 type=1 insize=4275 outsize=15264 kw= ok=1
Cmd: compileSnippet
  api=0 type=0 insize=4664 outsize=369 kw= ok=1
Cmd: compileSnippet
  api=0 type=1 insize=4664 outsize=4019 kw= ok=1
Cmd: compileSnippet
  api=0 type=0 insize=3501 outsize=530 kw= ok=1
Cmd: compileSnippet
  api=0 type=1 insize=3501 outsize=304 kw= ok=1
Cmd: preprocess
  insize=667 outsize=667 ok=1
Cmd: preprocess
  insize=1699 outsize=647 ok=1
Cmd: compileSnippet
  api=0 type=0 insize=1354 outsize=558 kw= ok=1
Cmd: compileSnippet
  api=0 type=1 insize=1354 outsize=472 kw= ok=1
Cmd: preprocess
  insize=1662 outsize=609 ok=1
Cmd: compileSnippet
  api=0 type=0 insize=1355 outsize=584 kw= ok=1
Cmd: compileSnippet
  api=0 type=1 insize=1355 outsize=486 kw= ok=1
Cmd: preprocess
  insize=4962 outsize=4664 ok=1
Cmd: compileSnippet
  api=0 type=0 insize=6247 outsize=1874 kw=DIRECTIONAL LIGHTMAP_OFF DIRLIGHTMAP_OFF ok=1
Cmd: compileSnippet
  api=0 type=1 insize=6247 outsize=1292 kw=DIRECTIONAL LIGHTMAP_OFF DIRLIGHTMAP_OFF ok=1
Cmd: compileSnippet
  api=0 type=0 insize=3937 outsize=1750 kw=POINT ok=1
Cmd: compileSnippet
  api=0 type=1 insize=3937 outsize=1433 kw=POINT ok=1
Cmd: preprocess
  insize=1215 outsize=451 ok=1
Cmd: compileSnippet
  api=0 type=0 insize=1066 outsize=355 kw= ok=1
Cmd: compileSnippet
  api=0 type=1 insize=1066 outsize=567 kw= ok=1
Cmd: preprocess
  insize=2514 outsize=1827 ok=1
Cmd: compileSnippet
  api=0 type=0 insize=988 outsize=397 kw= ok=1
Cmd: compileSnippet
  api=0 type=1 insize=988 outsize=222 kw= ok=1
Cmd: preprocess
  insize=648 outsize=1297 ok=1
Cmd: compileSnippet
  api=0 type=0 insize=4908 outsize=1058 kw=DIRECTIONAL SHADOWS_OFF LIGHTMAP_OFF DIRLIGHTMAP_OFF ok=1
Cmd: compileSnippet
  api=0 type=1 insize=4908 outsize=444 kw=DIRECTIONAL SHADOWS_OFF LIGHTMAP_OFF DIRLIGHTMAP_OFF ok=1
Cmd: compileSnippet
  api=0 type=0 insize=2508 outsize=857 kw=POINT ok=1
Cmd: compileSnippet
  api=0 type=1 insize=2508 outsize=561 kw=POINT ok=1
Cmd: compileSnippet
  api=0 type=0 insize=1885 outsize=457 kw= ok=1
Cmd: compileSnippet
  api=0 type=1 insize=1885 outsize=159 kw= ok=1
Cmd: compileSnippet
  api=0 type=0 insize=4348 outsize=905 kw=LIGHTMAP_OFF DIRLIGHTMAP_OFF HDR_LIGHT_PREPASS_OFF ok=1
Cmd: compileSnippet
  api=0 type=1 insize=4348 outsize=412 kw=LIGHTMAP_OFF DIRLIGHTMAP_OFF HDR_LIGHT_PREPASS_OFF ok=1
Cmd: preprocess
  insize=1854 outsize=1854 ok=1
Cmd: preprocess
  insize=1486 outsize=523 ok=1
Cmd: compileSnippet
  api=0 type=0 insize=1265 outsize=512 kw= ok=1
Cmd: compileSnippet
  api=0 type=1 insize=1265 outsize=657 kw= ok=1
Cmd: preprocess
  insize=596 outsize=596 ok=1
Cmd: preprocess
  insize=969 outsize=969 ok=1
Cmd: preprocess
  insize=521 outsize=521 ok=1
Cmd: preprocess
  error: 1 plat 15 at (38): Compiling shaders to OpenGL ES 2.0, Xbox 360, PS3, Flash or DX11 requires both vertex and fragment programs
  insize=3364 outsize=2463 ok=1
Cmd: compileSnippet
  api=0 type=1 insize=1187 outsize=467 kw= ok=1
Cmd: preprocess
  insize=633 outsize=633 ok=1
Cmd: preprocess
  insize=4060 outsize=2702 ok=1
Cmd: compileSnippet
  api=0 type=0 insize=1666 outsize=693 kw= ok=1
Cmd: compileSnippet
  api=0 type=1 insize=1666 outsize=733 kw= ok=1
Cmd: preprocess
  insize=2628 outsize=2628 ok=1
Cmd: preprocess
  insize=9948 outsize=9948 ok=1
Cmd: preprocess
  insize=3008 outsize=1537 ok=1
Cmd: compileSnippet
  api=0 type=0 insize=6908 outsize=1509 kw=DIRECTIONAL SHADOWS_OFF LIGHTMAP_OFF DIRLIGHTMAP_OFF ok=1
Cmd: compileSnippet
  api=0 type=1 insize=6908 outsize=1107 kw=DIRECTIONAL SHADOWS_OFF LIGHTMAP_OFF DIRLIGHTMAP_OFF ok=1
Cmd: compileSnippet
  api=0 type=0 insize=4761 outsize=1385 kw=POINT ok=1
Cmd: compileSnippet
  api=0 type=1 insize=4761 outsize=1023 kw=POINT ok=1
Cmd: compileSnippet
  api=0 type=0 insize=4580 outsize=924 kw= ok=1
Cmd: compileSnippet
  api=0 type=1 insize=4580 outsize=351 kw= ok=1
Cmd: compileSnippet
  api=0 type=0 insize=6554 outsize=1406 kw=LIGHTMAP_OFF DIRLIGHTMAP_OFF HDR_LIGHT_PREPASS_OFF ok=1
Cmd: compileSnippet
  api=0 type=1 insize=6554 outsize=743 kw=LIGHTMAP_OFF DIRLIGHTMAP_OFF HDR_LIGHT_PREPASS_OFF ok=1
Cmd: preprocess
  insize=1489 outsize=1486 ok=1
Cmd: preprocess
  insize=1727 outsize=2380 ok=1
Cmd: compileSnippet
  api=0 type=0 insize=4434 outsize=920 kw=DIRECTIONAL SHADOWS_OFF LIGHTMAP_OFF DIRLIGHTMAP_OFF ok=1
Cmd: compileSnippet
  api=0 type=1 insize=4434 outsize=412 kw=DIRECTIONAL SHADOWS_OFF LIGHTMAP_OFF DIRLIGHTMAP_OFF ok=1
Cmd: compileSnippet
  api=0 type=0 insize=2460 outsize=818 kw=POINT ok=1
Cmd: compileSnippet
  api=0 type=1 insize=2460 outsize=584 kw=POINT ok=1
Cmd: compileSnippet
  api=0 type=0 insize=2119 outsize=525 kw= ok=1
Cmd: compileSnippet
  api=0 type=1 insize=2119 outsize=294 kw= ok=1
Cmd: compileSnippet
  api=0 type=0 insize=4169 outsize=906 kw=LIGHTMAP_OFF DIRLIGHTMAP_OFF HDR_LIGHT_PREPASS_OFF ok=1
Cmd: compileSnippet
  api=0 type=1 insize=4169 outsize=387 kw=LIGHTMAP_OFF DIRLIGHTMAP_OFF HDR_LIGHT_PREPASS_OFF ok=1
Cmd: preprocess
  insize=3385 outsize=2980 ok=1
Cmd: compileSnippet
  api=0 type=0 insize=5899 outsize=1193 kw=DIRECTIONAL SHADOWS_OFF LIGHTMAP_OFF DIRLIGHTMAP_OFF ok=1
Cmd: compileSnippet
  api=0 type=1 insize=5899 outsize=1342 kw=DIRECTIONAL SHADOWS_OFF LIGHTMAP_OFF DIRLIGHTMAP_OFF ok=1
Cmd: compileSnippet
  api=0 type=0 insize=3882 outsize=1091 kw=POINT ok=1
Cmd: compileSnippet
  api=0 type=1 insize=3882 outsize=917 kw=POINT ok=1
Cmd: compileSnippet
  api=0 type=0 insize=3306 outsize=662 kw= ok=1
Cmd: compileSnippet
  api=0 type=1 insize=3306 outsize=159 kw= ok=1
Cmd: compileSnippet
  api=0 type=0 insize=5595 outsize=1179 kw=LIGHTMAP_OFF DIRLIGHTMAP_OFF HDR_LIGHT_PREPASS_OFF ok=1
Cmd: compileSnippet
  api=0 type=1 insize=5595 outsize=1312 kw=LIGHTMAP_OFF DIRLIGHTMAP_OFF HDR_LIGHT_PREPASS_OFF ok=1
Cmd: preprocess
  insize=847 outsize=376 ok=1
Cmd: compileSnippet
  api=0 type=0 insize=773 outsize=428 kw= ok=1
Cmd: compileSnippet
  api=0 type=1 insize=773 outsize=297 kw= ok=1
Cmd: preprocess
  insize=5667 outsize=2816 ok=1
Cmd: compileSnippet
  api=0 type=0 insize=3155 outsize=1393 kw= ok=1
Cmd: compileSnippet
  api=0 type=1 insize=3155 outsize=1734 kw= ok=1
Cmd: preprocess
  insize=695 outsize=469 ok=1
Cmd: compileSnippet
  api=0 type=0 insize=528 outsize=428 kw= ok=1
Cmd: compileSnippet
  api=0 type=1 insize=528 outsize=332 kw= ok=1
Cmd: preprocess
  insize=3430 outsize=3430 ok=1
Cmd: preprocess
  insize=596 outsize=596 ok=1
Cmd: preprocess
  insize=1622 outsize=2255 ok=1
Cmd: compileSnippet
  api=0 type=0 insize=4334 outsize=919 kw=DIRECTIONAL SHADOWS_OFF LIGHTMAP_OFF DIRLIGHTMAP_OFF ok=1
Cmd: compileSnippet
  api=0 type=1 insize=4334 outsize=378 kw=DIRECTIONAL SHADOWS_OFF LIGHTMAP_OFF DIRLIGHTMAP_OFF ok=1
Cmd: compileSnippet
  api=0 type=0 insize=2373 outsize=817 kw=POINT ok=1
Cmd: compileSnippet
  api=0 type=1 insize=2373 outsize=561 kw=POINT ok=1
Cmd: compileSnippet
  api=0 type=0 insize=1901 outsize=457 kw= ok=1
Cmd: compileSnippet
  api=0 type=1 insize=1901 outsize=159 kw= ok=1
Cmd: compileSnippet
  api=0 type=0 insize=4086 outsize=905 kw=LIGHTMAP_OFF DIRLIGHTMAP_OFF HDR_LIGHT_PREPASS_OFF ok=1
Cmd: compileSnippet
  api=0 type=1 insize=4086 outsize=350 kw=LIGHTMAP_OFF DIRLIGHTMAP_OFF HDR_LIGHT_PREPASS_OFF ok=1
Cmd: preprocess
  insize=3504 outsize=1799 ok=1
Cmd: compileSnippet
  api=0 type=0 insize=7528 outsize=1875 kw=DIRECTIONAL SHADOWS_OFF LIGHTMAP_OFF DIRLIGHTMAP_OFF ok=1
Cmd: compileSnippet
  api=0 type=1 insize=7528 outsize=1156 kw=DIRECTIONAL SHADOWS_OFF LIGHTMAP_OFF DIRLIGHTMAP_OFF ok=1
Cmd: compileSnippet
  api=0 type=0 insize=5325 outsize=1749 kw=POINT ok=1
Cmd: compileSnippet
  api=0 type=1 insize=5325 outsize=971 kw=POINT ok=1
Cmd: compileSnippet
  api=0 type=0 insize=5159 outsize=1366 kw= ok=1
Cmd: compileSnippet
  api=0 type=1 insize=5159 outsize=297 kw= ok=1
Cmd: compileSnippet
  api=0 type=0 insize=7114 outsize=1775 kw=LIGHTMAP_OFF DIRLIGHTMAP_OFF HDR_LIGHT_PREPASS_OFF ok=1
Cmd: compileSnippet
  api=0 type=1 insize=7114 outsize=796 kw=LIGHTMAP_OFF DIRLIGHTMAP_OFF HDR_LIGHT_PREPASS_OFF ok=1
Cmd: preprocess
  insize=833 outsize=426 ok=1
Cmd: compileSnippet
  api=0 type=0 insize=709 outsize=428 kw= ok=1
Cmd: compileSnippet
  api=0 type=1 insize=709 outsize=338 kw= ok=1
Cmd: preprocess
  insize=2433 outsize=1360 ok=1
Cmd: compileSnippet
  api=0 type=0 insize=6382 outsize=1436 kw=DIRECTIONAL SHADOWS_OFF LIGHTMAP_OFF DIRLIGHTMAP_OFF ok=1
Cmd: compileSnippet
  api=0 type=1 insize=6382 outsize=414 kw=DIRECTIONAL SHADOWS_OFF LIGHTMAP_OFF DIRLIGHTMAP_OFF ok=1
Cmd: compileSnippet
  api=0 type=0 insize=4265 outsize=1314 kw=POINT ok=1
Cmd: compileSnippet
  api=0 type=1 insize=4265 outsize=554 kw=POINT ok=1
Cmd: compileSnippet
  api=0 type=0 insize=4194 outsize=924 kw= ok=1
Cmd: compileSnippet
  api=0 type=1 insize=4194 outsize=351 kw= ok=1
Cmd: compileSnippet
  api=0 type=0 insize=5914 outsize=905 kw=LIGHTMAP_OFF DIRLIGHTMAP_OFF HDR_LIGHT_PREPASS_OFF ok=1
Cmd: compileSnippet
  api=0 type=1 insize=5914 outsize=404 kw=LIGHTMAP_OFF DIRLIGHTMAP_OFF HDR_LIGHT_PREPASS_OFF ok=1
Cmd: preprocess
  insize=485 outsize=485 ok=1
Cmd: preprocess
  error: 1 plat 15 at (100): Compiling shaders to OpenGL ES 2.0, Xbox 360, PS3, Flash or DX11 requires both vertex and fragment programs
  insize=2669 outsize=1484 ok=1
Cmd: compileSnippet
  api=0 type=0 insize=1301 outsize=766 kw= ok=1
Cmd: compileSnippet
  api=0 type=1 insize=1301 outsize=518 kw= ok=1
Cmd: compileSnippet
  api=0 type=0 insize=1134 outsize=766 kw= ok=1
Cmd: preprocess
  insize=1338 outsize=1338 ok=1
Cmd: preprocess
  insize=3282 outsize=1987 ok=1
Cmd: compileSnippet
  api=0 type=0 insize=1599 outsize=397 kw=SOFTPARTICLES_OFF ok=1
Cmd: compileSnippet
  api=0 type=1 insize=1599 outsize=224 kw=SOFTPARTICLES_OFF ok=1
Cmd: preprocess
  insize=1290 outsize=1290 ok=1
Cmd: preprocess
  insize=459 outsize=459 ok=1
Cmd: preprocess
  insize=590 outsize=590 ok=1
Cmd: preprocess
  error: 1 plat 15 at (100): Compiling shaders to OpenGL ES 2.0, Xbox 360, PS3, Flash or DX11 requires both vertex and fragment programs
  insize=2669 outsize=1484 ok=1
Cmd: preprocess
  insize=894 outsize=302 ok=1
Cmd: preprocess
  insize=385 outsize=385 ok=1
Cmd: preprocess
  insize=1345 outsize=754 ok=1
Cmd: compileSnippet
  api=0 type=0 insize=893 outsize=468 kw= ok=1
Cmd: compileSnippet
  api=0 type=1 insize=893 outsize=269 kw= ok=1
Cmd: preprocess
  insize=634 outsize=634 ok=1
Cmd: compileSnippet
  api=0 type=0 insize=2057 outsize=689 kw=LIGHTMAP_OFF ok=1
Cmd: compileSnippet
  api=0 type=1 insize=2057 outsize=514 kw=LIGHTMAP_OFF ok=1
Cmd: compileSnippet
  api=0 type=0 insize=3937 outsize=1464 kw=DIRECTIONAL ok=1
Cmd: compileSnippet
  api=0 type=1 insize=3937 outsize=1218 kw=DIRECTIONAL ok=1
Cmd: compileSnippet
  api=0 type=0 insize=3904 outsize=1464 kw=DIRECTIONAL ok=1
Cmd: compileSnippet
  api=0 type=1 insize=3904 outsize=1218 kw=DIRECTIONAL ok=1
Cmd: compileSnippet
  api=0 type=0 insize=2508 outsize=699 kw=DIRECTIONAL ok=1
Cmd: compileSnippet
  api=0 type=1 insize=2508 outsize=380 kw=DIRECTIONAL ok=1
